<?xml version="1.0" encoding="UTF-8"?>
<!-- Generated by org.testng.reporters.JUnitReportReporter -->
<testsuite hostname="DESKTOP-JFR5O47" name="org.tyss.maven_command_line_argument_practice.MavenPractice1Test" tests="3" failures="0" timestamp="26 Jul 2022 06:03:01 GMT" time="0.014" errors="0">
  <testcase name="mavenPracticeTest1" time="0.010" classname="org.tyss.maven_command_line_argument_practice.MavenPractice1Test"/>
  <testcase name="mavenPracticeTest2" time="0.003" classname="org.tyss.maven_command_line_argument_practice.MavenPractice1Test"/>
  <testcase name="mavenPracticeTest3" time="0.001" classname="org.tyss.maven_command_line_argument_practice.MavenPractice1Test"/>
</testsuite> <!-- org.tyss.maven_command_line_argument_practice.MavenPractice1Test -->
